Using pre-set license
Built from '2020.2/staging' branch; Version is '2020.2.7f1 (c53830e277f1) revision 12924976'; Using compiler version '192528614'; Build Type 'Release'
OS: 'Windows 10 Home; OS build 18363.1440; Version 1909; 64bit' Language: 'en' Physical Memory: 16252 MB
BatchMode: 1, IsHumanControllingUs: 0, StartBugReporterOnCrash: 0, Is64bit: 1, IsPro: 0

 COMMAND LINE ARGUMENTS:
C:\programmes\Unity Editor versions\2020.2.7f1\Editor\Unity.exe
-adb2
-batchMode
-noUpm
-name
AssetImportWorker0
-projectPath
C:/Users/regar/Documents/GitHub/totallynotacopyhm/2D game
-logFile
Logs/AssetImportWorker0.log
-srvPort
52811
Successfully changed project path to: C:/Users/regar/Documents/GitHub/totallynotacopyhm/2D game
C:/Users/regar/Documents/GitHub/totallynotacopyhm/2D game
Using Asset Import Pipeline V2.
Refreshing native plugins compatible for Editor in 36.40 ms, found 1 plugins.
Preloading 0 native plugins for Editor in 0.00 ms.
Initialize engine version: 2020.2.7f1 (c53830e277f1)
[Subsystems] Discovering subsystems at path C:/programmes/Unity Editor versions/2020.2.7f1/Editor/Data/Resources/UnitySubsystems
[Subsystems] Discovering subsystems at path C:/Users/regar/Documents/GitHub/totallynotacopyhm/2D game/Assets
GfxDevice: creating device client; threaded=0
Direct3D:
    Version:  Direct3D 11.0 [level 11.1]
    Renderer: Intel(R) UHD Graphics (ID=0x9bc4)
    Vendor:   
    VRAM:     8126 MB
    Driver:   27.20.100.8280
Initialize mono
Mono path[0] = 'C:/programmes/Unity Editor versions/2020.2.7f1/Editor/Data/Managed'
Mono path[1] = 'C:/programmes/Unity Editor versions/2020.2.7f1/Editor/Data/MonoBleedingEdge/lib/mono/unityjit'
Mono config path = 'C:/programmes/Unity Editor versions/2020.2.7f1/Editor/Data/MonoBleedingEdge/etc'
Using monoOptions --debugger-agent=transport=dt_socket,embedding=1,server=y,suspend=n,address=127.0.0.1:56720
Begin MonoManager ReloadAssembly
Registering precompiled unity dll's ...
Register platform support module: C:/programmes/Unity Editor versions/2020.2.7f1/Editor/Data/PlaybackEngines/WindowsStandaloneSupport/UnityEditor.WindowsStandalone.Extensions.dll
Registered in 0.001477 seconds.
Native extension for WindowsStandalone target not found
Refreshing native plugins compatible for Editor in 36.47 ms, found 1 plugins.
Preloading 0 native plugins for Editor in 0.00 ms.
Invoked RoslynAnalysisRunner static constructor.
RoslynAnalysisRunner will not be running.
RoslynAnalysisRunner has terminated.
Mono: successfully reloaded assembly
- Completed reload, in  0.823 seconds
Platform modules already initialized, skipping
Registering precompiled user dll's ...
Registered in 0.000775 seconds.
Begin MonoManager ReloadAssembly
Native extension for WindowsStandalone target not found
Refreshing native plugins compatible for Editor in 40.45 ms, found 1 plugins.
Preloading 0 native plugins for Editor in 0.00 ms.
Invoked RoslynAnalysisRunner static constructor.
RoslynAnalysisRunner will not be running.
RoslynAnalysisRunner has terminated.
Mono: successfully reloaded assembly
- Completed reload, in  0.845 seconds
Platform modules already initialized, skipping
========================================================================
Worker process is ready to serve import requests
Launched and connected shader compiler UnityShaderCompiler.exe after 0.05 seconds
Refreshing native plugins compatible for Editor in 0.72 ms, found 1 plugins.
Preloading 0 native plugins for Editor in 0.00 ms.
Unloading 2267 Unused Serialized files (Serialized files now loaded: 0)
System memory in use before: 102.3 MB.
System memory in use after: 66.9 MB.

Unloading 22 unused Assets to reduce memory usage. Loaded Objects now: 2718.
Total: 4.526800 ms (FindLiveObjects: 0.253200 ms CreateObjectMapping: 0.180900 ms MarkObjects: 4.029300 ms  DeleteObjects: 0.062300 ms)

========================================================================
Received Import Request.
  path: Assets/Prefabs/Acid.prefab
  artifactKey: Guid(bb2a80569c3b9db46ac61855be801017) Importer(815301076,1909f56bfc062723c751e8b465ee728b)
Start importing Assets/Prefabs/Acid.prefab using Guid(bb2a80569c3b9db46ac61855be801017) Importer(815301076,1909f56bfc062723c751e8b465ee728b)  -> (artifact id: '2c63969f89b8d97a5c2b6e79895238f9') in 0.146965 seconds
  Import took 0.151807 seconds .

========================================================================
Received Import Request.
  Time since last request: 4.995515 seconds.
  path: Assets/Prefabs/Acid 1.prefab
  artifactKey: Guid(61a300dfb36e535499644b3b4902957c) Importer(815301076,1909f56bfc062723c751e8b465ee728b)
Start importing Assets/Prefabs/Acid 1.prefab using Guid(61a300dfb36e535499644b3b4902957c) Importer(815301076,1909f56bfc062723c751e8b465ee728b)  -> (artifact id: '52dcf728fe59a9f632f9b81611da55c0') in 0.013833 seconds
  Import took 0.017062 seconds .

========================================================================
Received Import Request.
  Time since last request: 0.001311 seconds.
  path: Assets/Prefabs/Acid 1.prefab
  artifactKey: Guid(61a300dfb36e535499644b3b4902957c) Importer(815301076,1909f56bfc062723c751e8b465ee728b)
Start importing Assets/Prefabs/Acid 1.prefab using Guid(61a300dfb36e535499644b3b4902957c) Importer(815301076,1909f56bfc062723c751e8b465ee728b)  -> (artifact id: '52dcf728fe59a9f632f9b81611da55c0') in 0.007453 seconds
  Import took 0.010841 seconds .

========================================================================
Received Import Request.
  Time since last request: 30.003559 seconds.
  path: Assets/Scenes
  artifactKey: Guid(2a1a2ac024e64124194b7e7b8d3c7085) Importer(815301076,1909f56bfc062723c751e8b465ee728b)
Start importing Assets/Scenes using Guid(2a1a2ac024e64124194b7e7b8d3c7085) Importer(815301076,1909f56bfc062723c751e8b465ee728b)  -> (artifact id: 'dfd2835887b8efa1cca3df68b816327c') in 0.008226 seconds
  Import took 0.011362 seconds .

========================================================================
Received Import Request.
  Time since last request: 21.401062 seconds.
  path: Assets/Scenes/metroidvania.unity
  artifactKey: Guid(30410bbc52c140047a2cbe9e10c5d51b) Importer(815301076,1909f56bfc062723c751e8b465ee728b)
Start importing Assets/Scenes/metroidvania.unity using Guid(30410bbc52c140047a2cbe9e10c5d51b) Importer(815301076,1909f56bfc062723c751e8b465ee728b)  -> (artifact id: '56ee0a5bb9534ef2cdb146b710cc04f1') in 0.007241 seconds
  Import took 0.011618 seconds .

========================================================================
Received Import Request.
  Time since last request: 0.003833 seconds.
  path: Assets/Scenes/metroidvania.unity
  artifactKey: Guid(30410bbc52c140047a2cbe9e10c5d51b) Importer(815301076,1909f56bfc062723c751e8b465ee728b)
Start importing Assets/Scenes/metroidvania.unity using Guid(30410bbc52c140047a2cbe9e10c5d51b) Importer(815301076,1909f56bfc062723c751e8b465ee728b)  -> (artifact id: '56ee0a5bb9534ef2cdb146b710cc04f1') in 0.002586 seconds
  Import took 0.006764 seconds .

========================================================================
Received Import Request.
  Time since last request: 5.882746 seconds.
  path: Assets/Scenes/SampleScene.unity
  artifactKey: Guid(2cda990e2423bbf4892e6590ba056729) Importer(815301076,1909f56bfc062723c751e8b465ee728b)
Start importing Assets/Scenes/SampleScene.unity using Guid(2cda990e2423bbf4892e6590ba056729) Importer(815301076,1909f56bfc062723c751e8b465ee728b)  -> (artifact id: '247b62fc528fda02146e858fb8f71438') in 0.007782 seconds
  Import took 0.011447 seconds .

AssetImportWorkerClient::OnTransportError - code=2 error=End of file
